  [1m[35m (2.8ms)[0m  [1m[35mCREATE DATABASE "ninety_nine_cats_development" ENCODING = 'unicode'[0m
  ↳ bin/rails:9
  [1m[35m (0.9ms)[0m  [1m[35mCREATE DATABASE "ninety_nine_cats_test" ENCODING = 'unicode'[0m
  ↳ bin/rails:9
  [1m[35m (0.7ms)[0m  [1m[34mSELECT pg_try_advisory_lock(723150122408807205)[0m
  ↳ bin/rails:9
  [1m[35m (4.1ms)[0m  [1m[34mSELECT "schema_migrations"."version" FROM "schema_migrations" ORDER BY "schema_migrations"."version" ASC[0m
  ↳ bin/rails:9
Migrating to CreateCats (20220311184510)
  [1m[35m (0.3ms)[0m  [1m[35mBEGIN[0m
  ↳ bin/rails:9
  [1m[35m (28.0ms)[0m  [1m[35mCREATE TABLE "cats" ("id" bigserial primary key, "birth_date" date NOT NULL, "color" character varying NOT NULL, "name" character varying NOT NULL, "sex" character varying(1) NOT NULL, "description" text NOT NULL, "created_at" timestamp NOT NULL, "updated_at" timestamp NOT NULL)[0m
  ↳ db/migrate/20220311184510_create_cats.rb:3
  [1m[35m (0.2ms)[0m  [1m[31mROLLBACK[0m
  ↳ bin/rails:9
  [1m[35m (0.4ms)[0m  [1m[34mSELECT pg_advisory_unlock(723150122408807205)[0m
  ↳ bin/rails:9
  [1m[35m (2.2ms)[0m  [1m[34mSELECT "schema_migrations"."version" FROM "schema_migrations" ORDER BY "schema_migrations"."version" ASC[0m
  ↳ bin/rails:9
  [1m[35m (4.0ms)[0m  [1m[34mSELECT "ar_internal_metadata"."value" FROM "ar_internal_metadata" WHERE "ar_internal_metadata"."key" = $1[0m  [["key", "environment"]]
  ↳ bin/rails:9
  [1m[35m (0.3ms)[0m  [1m[34mSELECT "schema_migrations"."version" FROM "schema_migrations" ORDER BY "schema_migrations"."version" ASC[0m
  ↳ bin/rails:9
  [1m[35m (0.4ms)[0m  [1m[34mSELECT "ar_internal_metadata"."value" FROM "ar_internal_metadata" WHERE "ar_internal_metadata"."key" = $1[0m  [["key", "environment"]]
  ↳ bin/rails:9
  [1m[35m (0.4ms)[0m  [1m[34mSELECT "schema_migrations"."version" FROM "schema_migrations" ORDER BY "schema_migrations"."version" ASC[0m
  ↳ bin/rails:9
  [1m[35m (0.4ms)[0m  [1m[34mSELECT "ar_internal_metadata"."value" FROM "ar_internal_metadata" WHERE "ar_internal_metadata"."key" = $1[0m  [["key", "environment"]]
  ↳ bin/rails:9
  [1m[35m (80.8ms)[0m  [1m[35mDROP DATABASE IF EXISTS "ninety_nine_cats_development"[0m
  ↳ bin/rails:9
  [1m[35m (56.4ms)[0m  [1m[35mDROP DATABASE IF EXISTS "ninety_nine_cats_test"[0m
  ↳ bin/rails:9
  [1m[35m (235.2ms)[0m  [1m[35mCREATE DATABASE "ninety_nine_cats_development" ENCODING = 'unicode'[0m
  ↳ bin/rails:9
  [1m[35m (95.3ms)[0m  [1m[35mCREATE DATABASE "ninety_nine_cats_test" ENCODING = 'unicode'[0m
  ↳ bin/rails:9
  [1m[35m (10.6ms)[0m  [1m[35mCREATE TABLE "schema_migrations" ("version" character varying NOT NULL PRIMARY KEY)[0m
  ↳ bin/rails:9
  [1m[35m (4.5ms)[0m  [1m[35mCREATE TABLE "ar_internal_metadata" ("key" character varying NOT NULL PRIMARY KEY, "value" character varying, "created_at" timestamp NOT NULL, "updated_at" timestamp NOT NULL)[0m
  ↳ bin/rails:9
  [1m[35m (0.3ms)[0m  [1m[34mSELECT pg_try_advisory_lock(723150122408807205)[0m
  ↳ bin/rails:9
  [1m[35m (0.9ms)[0m  [1m[34mSELECT "schema_migrations"."version" FROM "schema_migrations" ORDER BY "schema_migrations"."version" ASC[0m
  ↳ bin/rails:9
Migrating to CreateCats (20220311184510)
  [1m[35m (0.2ms)[0m  [1m[35mBEGIN[0m
  ↳ bin/rails:9
  [1m[35m (12.9ms)[0m  [1m[35mCREATE TABLE "cats" ("id" bigserial primary key, "birth_date" date NOT NULL, "color" character varying NOT NULL, "name" character varying NOT NULL, "sex" character varying(1) NOT NULL, "description" text NOT NULL, "created_at" timestamp NOT NULL, "updated_at" timestamp NOT NULL)[0m
  ↳ db/migrate/20220311184510_create_cats.rb:3
  [1m[36mActiveRecord::SchemaMigration Create (1.3ms)[0m  [1m[32mINSERT INTO "schema_migrations" ("version") VALUES ($1) RETURNING "version"[0m  [["version", "20220311184510"]]
  ↳ bin/rails:9
  [1m[35m (0.8ms)[0m  [1m[35mCOMMIT[0m
  ↳ bin/rails:9
  [1m[36mActiveRecord::InternalMetadata Load (0.8ms)[0m  [1m[34mSELECT  "ar_internal_metadata".* FROM "ar_internal_metadata" WHERE "ar_internal_metadata"."key" = $1 LIMIT $2[0m  [["key", "environment"], ["LIMIT", 1]]
  ↳ bin/rails:9
  [1m[35m (0.2ms)[0m  [1m[35mBEGIN[0m
  ↳ bin/rails:9
  [1m[36mActiveRecord::InternalMetadata Create (3.0ms)[0m  [1m[32mINSERT INTO "ar_internal_metadata" ("key", "value", "created_at", "updated_at") VALUES ($1, $2, $3, $4) RETURNING "key"[0m  [["key", "environment"], ["value", "development"], ["created_at", "2022-03-11 18:54:00.808752"], ["updated_at", "2022-03-11 18:54:00.808752"]]
  ↳ bin/rails:9
  [1m[35m (1.0ms)[0m  [1m[35mCOMMIT[0m
  ↳ bin/rails:9
  [1m[35m (0.6ms)[0m  [1m[34mSELECT pg_advisory_unlock(723150122408807205)[0m
  ↳ bin/rails:9
  [1m[35m (0.5ms)[0m  [1m[34mSELECT "schema_migrations"."version" FROM "schema_migrations" ORDER BY "schema_migrations"."version" ASC[0m
  ↳ bin/rails:9
  [1m[35m (8.4ms)[0m  [1m[35mBEGIN[0m
  [1m[36mCat Create (51.0ms)[0m  [1m[32mINSERT INTO "cats" ("birth_date", "color", "name", "sex", "description", "created_at", "updated_at") VALUES ($1, $2, $3, $4, $5, $6, $7) RETURNING "id"[0m  [["birth_date", "2000-05-05"], ["color", "black"], ["name", "Bob"], ["sex", "M"], ["description", "great cat"], ["created_at", "2022-03-11 19:23:24.686679"], ["updated_at", "2022-03-11 19:23:24.686679"]]
  [1m[35m (1.3ms)[0m  [1m[35mCOMMIT[0m
  [1m[36mCat Load (1.5ms)[0m  [1m[34mSELECT  "cats".* FROM "cats" ORDER BY "cats"."id" ASC LIMIT $1[0m  [["LIMIT", 1]]
  [1m[36mCat Load (0.9ms)[0m  [1m[34mSELECT  "cats".* FROM "cats" ORDER BY "cats"."id" ASC LIMIT $1[0m  [["LIMIT", 1]]
  [1m[36mCat Load (0.7ms)[0m  [1m[34mSELECT  "cats".* FROM "cats" ORDER BY "cats"."id" ASC LIMIT $1[0m  [["LIMIT", 1]]
  [1m[36mCat Load (0.9ms)[0m  [1m[34mSELECT  "cats".* FROM "cats" ORDER BY "cats"."id" ASC LIMIT $1[0m  [["LIMIT", 1]]
  [1m[36mCat Load (0.7ms)[0m  [1m[34mSELECT  "cats".* FROM "cats" ORDER BY "cats"."id" ASC LIMIT $1[0m  [["LIMIT", 1]]
  [1m[36mCat Load (0.7ms)[0m  [1m[34mSELECT  "cats".* FROM "cats" ORDER BY "cats"."id" ASC LIMIT $1[0m  [["LIMIT", 1]]
  [1m[36mCat Load (0.7ms)[0m  [1m[34mSELECT  "cats".* FROM "cats" ORDER BY "cats"."id" ASC LIMIT $1[0m  [["LIMIT", 1]]
  [1m[36mCat Load (0.7ms)[0m  [1m[34mSELECT  "cats".* FROM "cats" ORDER BY "cats"."id" ASC LIMIT $1[0m  [["LIMIT", 1]]
Started GET "/" for ::1 at 2022-03-11 15:00:05 -0500
  [1m[35m (1.5ms)[0m  [1m[34mSELECT "schema_migrations"."version" FROM "schema_migrations" ORDER BY "schema_migrations"."version" ASC[0m
  ↳ /Users/appacademystudent/.rbenv/versions/2.5.1/lib/ruby/gems/2.5.0/gems/activerecord-5.2.7/lib/active_record/log_subscriber.rb:98
Processing by Rails::WelcomeController#index as HTML
  Rendering /Users/appacademystudent/.rbenv/versions/2.5.1/lib/ruby/gems/2.5.0/gems/railties-5.2.7/lib/rails/templates/rails/welcome/index.html.erb
  Rendered /Users/appacademystudent/.rbenv/versions/2.5.1/lib/ruby/gems/2.5.0/gems/railties-5.2.7/lib/rails/templates/rails/welcome/index.html.erb (4.9ms)
Completed 200 OK in 35ms (Views: 18.3ms | ActiveRecord: 0.0ms)


Started GET "/cats" for ::1 at 2022-03-11 15:00:20 -0500
Processing by CatsController#index as HTML
Completed 500 Internal Server Error in 26ms (ActiveRecord: 0.0ms)



ActionView::MissingTemplate - Missing template cats/index, application/index with {:locale=>[:en], :formats=>[:html], :variants=>[], :handlers=>[:raw, :erb, :html, :builder, :ruby, :coffee, :jbuilder]}. Searched in:
  * "/Users/appacademystudent/Desktop/w6d5/ninety_nine_cats/app/views":
  app/controllers/cats_controller.rb:6:in `index'

Started POST "/__better_errors/553ba4215f637928/variables" for ::1 at 2022-03-11 15:00:20 -0500
  [1m[36mCat Load (0.9ms)[0m  [1m[34mSELECT  "cats".* FROM "cats" LIMIT $1[0m  [["LIMIT", 11]]
  ↳ /Users/appacademystudent/.rbenv/versions/2.5.1/lib/ruby/gems/2.5.0/gems/activerecord-5.2.7/lib/active_record/log_subscriber.rb:98
Started GET "/cats" for ::1 at 2022-03-11 15:01:35 -0500
Processing by CatsController#index as HTML
Completed 500 Internal Server Error in 16ms (ActiveRecord: 0.0ms)



ActionView::MissingTemplate - Missing template cats/index, application/index with {:locale=>[:en], :formats=>[:html], :variants=>[], :handlers=>[:raw, :erb, :html, :builder, :ruby, :coffee, :jbuilder]}. Searched in:
  * "/Users/appacademystudent/Desktop/w6d5/ninety_nine_cats/app/views":
  app/controllers/cats_controller.rb:6:in `index'

Started POST "/__better_errors/2f39b386bdcb96da/variables" for ::1 at 2022-03-11 15:01:35 -0500
  [1m[36mCat Load (0.4ms)[0m  [1m[34mSELECT  "cats".* FROM "cats" LIMIT $1[0m  [["LIMIT", 11]]
  ↳ /Users/appacademystudent/.rbenv/versions/2.5.1/lib/ruby/gems/2.5.0/gems/activerecord-5.2.7/lib/active_record/log_subscriber.rb:98
Started GET "/cats" for ::1 at 2022-03-11 15:01:36 -0500
Processing by CatsController#index as HTML
Completed 500 Internal Server Error in 13ms (ActiveRecord: 0.0ms)



ActionView::MissingTemplate - Missing template cats/index, application/index with {:locale=>[:en], :formats=>[:html], :variants=>[], :handlers=>[:raw, :erb, :html, :builder, :ruby, :coffee, :jbuilder]}. Searched in:
  * "/Users/appacademystudent/Desktop/w6d5/ninety_nine_cats/app/views":
  app/controllers/cats_controller.rb:6:in `index'

Started POST "/__better_errors/5d1bfab5ff7ce0f5/variables" for ::1 at 2022-03-11 15:01:36 -0500
  [1m[36mCat Load (1.8ms)[0m  [1m[34mSELECT  "cats".* FROM "cats" LIMIT $1[0m  [["LIMIT", 11]]
  ↳ /Users/appacademystudent/.rbenv/versions/2.5.1/lib/ruby/gems/2.5.0/gems/activerecord-5.2.7/lib/active_record/log_subscriber.rb:98
Started GET "/cats" for ::1 at 2022-03-11 15:01:39 -0500
Processing by CatsController#index as HTML
Completed 500 Internal Server Error in 12ms (ActiveRecord: 0.0ms)



ActionView::MissingTemplate - Missing template cats/index, application/index with {:locale=>[:en], :formats=>[:html], :variants=>[], :handlers=>[:raw, :erb, :html, :builder, :ruby, :coffee, :jbuilder]}. Searched in:
  * "/Users/appacademystudent/Desktop/w6d5/ninety_nine_cats/app/views":
  app/controllers/cats_controller.rb:6:in `index'

Started POST "/__better_errors/bcb9442331344d01/variables" for ::1 at 2022-03-11 15:01:39 -0500
  [1m[36mCat Load (8.5ms)[0m  [1m[34mSELECT  "cats".* FROM "cats" LIMIT $1[0m  [["LIMIT", 11]]
  ↳ /Users/appacademystudent/.rbenv/versions/2.5.1/lib/ruby/gems/2.5.0/gems/activerecord-5.2.7/lib/active_record/log_subscriber.rb:98
Started GET "/cats" for ::1 at 2022-03-11 15:01:44 -0500
Processing by CatsController#index as HTML
Completed 500 Internal Server Error in 11ms (ActiveRecord: 0.0ms)



ActionView::MissingTemplate - Missing template cats/index, application/index with {:locale=>[:en], :formats=>[:html], :variants=>[], :handlers=>[:raw, :erb, :html, :builder, :ruby, :coffee, :jbuilder]}. Searched in:
  * "/Users/appacademystudent/Desktop/w6d5/ninety_nine_cats/app/views":
  app/controllers/cats_controller.rb:6:in `index'

Started POST "/__better_errors/4bb0f502c23df1d7/variables" for ::1 at 2022-03-11 15:01:44 -0500
  [1m[36mCat Load (1.1ms)[0m  [1m[34mSELECT  "cats".* FROM "cats" LIMIT $1[0m  [["LIMIT", 11]]
  ↳ /Users/appacademystudent/.rbenv/versions/2.5.1/lib/ruby/gems/2.5.0/gems/activerecord-5.2.7/lib/active_record/log_subscriber.rb:98
Started GET "/cats" for ::1 at 2022-03-11 15:01:45 -0500
Processing by CatsController#index as HTML
Completed 500 Internal Server Error in 11ms (ActiveRecord: 0.0ms)



ActionView::MissingTemplate - Missing template cats/index, application/index with {:locale=>[:en], :formats=>[:html], :variants=>[], :handlers=>[:raw, :erb, :html, :builder, :ruby, :coffee, :jbuilder]}. Searched in:
  * "/Users/appacademystudent/Desktop/w6d5/ninety_nine_cats/app/views":
  app/controllers/cats_controller.rb:6:in `index'

Started POST "/__better_errors/06b8ca157555f799/variables" for ::1 at 2022-03-11 15:01:45 -0500
  [1m[36mCat Load (6.2ms)[0m  [1m[34mSELECT  "cats".* FROM "cats" LIMIT $1[0m  [["LIMIT", 11]]
  ↳ /Users/appacademystudent/.rbenv/versions/2.5.1/lib/ruby/gems/2.5.0/gems/activerecord-5.2.7/lib/active_record/log_subscriber.rb:98
Started GET "/cats" for ::1 at 2022-03-11 15:01:54 -0500
  [1m[35m (1.4ms)[0m  [1m[34mSELECT "schema_migrations"."version" FROM "schema_migrations" ORDER BY "schema_migrations"."version" ASC[0m
  ↳ /Users/appacademystudent/.rbenv/versions/2.5.1/lib/ruby/gems/2.5.0/gems/activerecord-5.2.7/lib/active_record/log_subscriber.rb:98
Processing by CatsController#index as HTML
Completed 500 Internal Server Error in 28ms (ActiveRecord: 0.0ms)



ActionView::MissingTemplate - Missing template cats/index, application/index with {:locale=>[:en], :formats=>[:html], :variants=>[], :handlers=>[:raw, :erb, :html, :builder, :ruby, :coffee, :jbuilder]}. Searched in:
  * "/Users/appacademystudent/Desktop/w6d5/ninety_nine_cats/app/views":
  app/controllers/cats_controller.rb:6:in `index'

Started GET "/cats" for ::1 at 2022-03-11 15:01:55 -0500
Processing by CatsController#index as HTML
Completed 500 Internal Server Error in 15ms (ActiveRecord: 0.0ms)



ActionView::MissingTemplate - Missing template cats/index, application/index with {:locale=>[:en], :formats=>[:html], :variants=>[], :handlers=>[:raw, :erb, :html, :builder, :ruby, :coffee, :jbuilder]}. Searched in:
  * "/Users/appacademystudent/Desktop/w6d5/ninety_nine_cats/app/views":
  app/controllers/cats_controller.rb:6:in `index'

Started POST "/__better_errors/8d2bbe16052ef80a/variables" for ::1 at 2022-03-11 15:01:55 -0500
  [1m[36mCat Load (0.6ms)[0m  [1m[34mSELECT  "cats".* FROM "cats" LIMIT $1[0m  [["LIMIT", 11]]
  ↳ /Users/appacademystudent/.rbenv/versions/2.5.1/lib/ruby/gems/2.5.0/gems/activerecord-5.2.7/lib/active_record/log_subscriber.rb:98
Started GET "/cats" for ::1 at 2022-03-11 15:01:56 -0500
Processing by CatsController#index as HTML
Completed 500 Internal Server Error in 12ms (ActiveRecord: 0.0ms)



ActionView::MissingTemplate - Missing template cats/index, application/index with {:locale=>[:en], :formats=>[:html], :variants=>[], :handlers=>[:raw, :erb, :html, :builder, :ruby, :coffee, :jbuilder]}. Searched in:
  * "/Users/appacademystudent/Desktop/w6d5/ninety_nine_cats/app/views":
  app/controllers/cats_controller.rb:6:in `index'

Started POST "/__better_errors/6f215e3ebc088804/variables" for ::1 at 2022-03-11 15:01:56 -0500
  [1m[36mCat Load (0.5ms)[0m  [1m[34mSELECT  "cats".* FROM "cats" LIMIT $1[0m  [["LIMIT", 11]]
  ↳ /Users/appacademystudent/.rbenv/versions/2.5.1/lib/ruby/gems/2.5.0/gems/activerecord-5.2.7/lib/active_record/log_subscriber.rb:98
Started GET "/cats" for ::1 at 2022-03-11 15:02:42 -0500
Processing by CatsController#index as HTML
Completed 500 Internal Server Error in 28ms (ActiveRecord: 0.0ms)



ActionView::MissingTemplate - Missing template cats/index, application/index with {:locale=>[:en], :formats=>[:html], :variants=>[], :handlers=>[:raw, :erb, :html, :builder, :ruby, :coffee, :jbuilder]}. Searched in:
  * "/Users/appacademystudent/Desktop/w6d5/ninety_nine_cats/app/views":
  app/controllers/cats_controller.rb:6:in `index'

Started POST "/__better_errors/2d1f9e33aaa232d1/variables" for ::1 at 2022-03-11 15:02:42 -0500
  [1m[36mCat Load (0.9ms)[0m  [1m[34mSELECT  "cats".* FROM "cats" LIMIT $1[0m  [["LIMIT", 11]]
  ↳ /Users/appacademystudent/.rbenv/versions/2.5.1/lib/ruby/gems/2.5.0/gems/activerecord-5.2.7/lib/active_record/log_subscriber.rb:98
Started GET "/cats" for ::1 at 2022-03-11 15:02:44 -0500
Processing by CatsController#index as HTML
Completed 500 Internal Server Error in 15ms (ActiveRecord: 0.0ms)



ActionView::MissingTemplate - Missing template cats/index, application/index with {:locale=>[:en], :formats=>[:html], :variants=>[], :handlers=>[:raw, :erb, :html, :builder, :ruby, :coffee, :jbuilder]}. Searched in:
  * "/Users/appacademystudent/Desktop/w6d5/ninety_nine_cats/app/views":
  app/controllers/cats_controller.rb:6:in `index'

Started POST "/__better_errors/32f2d36fe824b8a2/variables" for ::1 at 2022-03-11 15:02:44 -0500
  [1m[36mCat Load (0.8ms)[0m  [1m[34mSELECT  "cats".* FROM "cats" LIMIT $1[0m  [["LIMIT", 11]]
  ↳ /Users/appacademystudent/.rbenv/versions/2.5.1/lib/ruby/gems/2.5.0/gems/activerecord-5.2.7/lib/active_record/log_subscriber.rb:98
Started GET "/cats" for ::1 at 2022-03-11 15:07:03 -0500
Processing by CatsController#index as HTML
  Rendering cats/index.html.erb within layouts/application
  [1m[36mCat Load (0.4ms)[0m  [1m[34mSELECT "cats".* FROM "cats"[0m
  ↳ app/views/cats/index.html.erb:3
  Rendered cats/index.html.erb within layouts/application (50.1ms)
Completed 200 OK in 645ms (Views: 643.4ms | ActiveRecord: 0.4ms)


Started GET "/cats" for ::1 at 2022-03-11 15:07:32 -0500
Processing by CatsController#index as HTML
  Rendering cats/index.html.erb within layouts/application
  [1m[36mCat Load (2.9ms)[0m  [1m[34mSELECT "cats".* FROM "cats"[0m
  ↳ app/views/cats/index.html.erb:3
  Rendered cats/index.html.erb within layouts/application (5.2ms)
Completed 200 OK in 34ms (Views: 30.3ms | ActiveRecord: 2.9ms)


Started GET "/cats" for ::1 at 2022-03-11 15:07:51 -0500
Processing by CatsController#index as HTML
  Rendering cats/index.html.erb within layouts/application
  [1m[36mCat Load (2.6ms)[0m  [1m[34mSELECT "cats".* FROM "cats"[0m
  ↳ app/views/cats/index.html.erb:3
  Rendered cats/index.html.erb within layouts/application (6.2ms)
Completed 200 OK in 44ms (Views: 40.2ms | ActiveRecord: 2.6ms)


Started GET "/cats/1" for ::1 at 2022-03-11 15:10:54 -0500
Processing by CatsController#show as HTML
  Parameters: {"id"=>"1"}
  [1m[36mCat Load (0.5ms)[0m  [1m[34mSELECT  "cats".* FROM "cats" WHERE "cats"."id" = $1 LIMIT $2[0m  [["id", 1], ["LIMIT", 1]]
  ↳ app/controllers/cats_controller.rb:10
  Rendering cats/show.html.erb within layouts/application
  Rendered cats/show.html.erb within layouts/application (1.6ms)
Completed 200 OK in 103ms (Views: 24.0ms | ActiveRecord: 12.2ms)


Started GET "/cats" for ::1 at 2022-03-11 15:14:27 -0500
Processing by CatsController#index as HTML
  Rendering cats/index.html.erb within layouts/application
  [1m[36mCat Load (6.8ms)[0m  [1m[34mSELECT "cats".* FROM "cats"[0m
  ↳ app/views/cats/index.html.erb:3
  Rendered cats/index.html.erb within layouts/application (10.3ms)
Completed 200 OK in 41ms (Views: 32.9ms | ActiveRecord: 6.8ms)


Started GET "/cats" for ::1 at 2022-03-11 15:14:47 -0500
Processing by CatsController#index as HTML
  Rendering cats/index.html.erb within layouts/application
  [1m[36mCat Load (11.2ms)[0m  [1m[34mSELECT "cats".* FROM "cats"[0m
  ↳ app/views/cats/index.html.erb:3
  Rendered cats/index.html.erb within layouts/application (14.1ms)
Completed 200 OK in 37ms (Views: 25.1ms | ActiveRecord: 11.2ms)


Started GET "/cats" for ::1 at 2022-03-11 15:16:54 -0500
Processing by CatsController#index as HTML
  Rendering cats/index.html.erb within layouts/application
  [1m[36mCat Load (1.4ms)[0m  [1m[34mSELECT "cats".* FROM "cats"[0m
  ↳ app/views/cats/index.html.erb:3
  Rendered cats/index.html.erb within layouts/application (3.4ms)
Completed 200 OK in 28ms (Views: 26.1ms | ActiveRecord: 1.4ms)


Started GET "/cats" for ::1 at 2022-03-11 15:16:57 -0500
Processing by CatsController#index as HTML
  Rendering cats/index.html.erb within layouts/application
  [1m[36mCat Load (174.8ms)[0m  [1m[34mSELECT "cats".* FROM "cats"[0m
  ↳ app/views/cats/index.html.erb:3
  Rendered cats/index.html.erb within layouts/application (178.6ms)
Completed 200 OK in 207ms (Views: 31.1ms | ActiveRecord: 174.8ms)


Started GET "/cats" for ::1 at 2022-03-11 15:17:01 -0500
Processing by CatsController#index as HTML
  Rendering cats/index.html.erb within layouts/application
  [1m[36mCat Load (3.1ms)[0m  [1m[34mSELECT "cats".* FROM "cats"[0m
  ↳ app/views/cats/index.html.erb:3
  Rendered cats/index.html.erb within layouts/application (6.2ms)
Completed 200 OK in 31ms (Views: 26.3ms | ActiveRecord: 3.1ms)


Started GET "/cats" for ::1 at 2022-03-11 15:17:27 -0500
Processing by CatsController#index as HTML
  Rendering cats/index.html.erb within layouts/application
  [1m[36mCat Load (19.7ms)[0m  [1m[34mSELECT "cats".* FROM "cats"[0m
  ↳ app/views/cats/index.html.erb:3
  Rendered cats/index.html.erb within layouts/application (25.4ms)
Completed 200 OK in 59ms (Views: 39.1ms | ActiveRecord: 19.7ms)


Started GET "/cats" for ::1 at 2022-03-11 15:17:29 -0500
Processing by CatsController#index as HTML
  Rendering cats/index.html.erb within layouts/application
  [1m[36mCat Load (25.0ms)[0m  [1m[34mSELECT "cats".* FROM "cats"[0m
  ↳ app/views/cats/index.html.erb:3
  Rendered cats/index.html.erb within layouts/application (30.2ms)
Completed 200 OK in 60ms (Views: 33.6ms | ActiveRecord: 25.0ms)


Started GET "/cats" for ::1 at 2022-03-11 15:19:28 -0500
Processing by CatsController#index as HTML
  Rendering cats/index.html.erb within layouts/application
  [1m[36mCat Load (4.8ms)[0m  [1m[34mSELECT "cats".* FROM "cats"[0m
  ↳ app/views/cats/index.html.erb:3
  Rendered cats/index.html.erb within layouts/application (8.3ms)
Completed 200 OK in 61ms (Views: 55.2ms | ActiveRecord: 4.8ms)


Started GET "/cats/1" for ::1 at 2022-03-11 15:19:28 -0500
Processing by CatsController#show as HTML
  Parameters: {"id"=>"1"}
  [1m[36mCat Load (3.9ms)[0m  [1m[34mSELECT  "cats".* FROM "cats" WHERE "cats"."id" = $1 LIMIT $2[0m  [["id", 1], ["LIMIT", 1]]
  ↳ app/controllers/cats_controller.rb:10
  Rendering cats/show.html.erb within layouts/application
  Rendered cats/show.html.erb within layouts/application (1.0ms)
Completed 200 OK in 34ms (Views: 26.9ms | ActiveRecord: 3.9ms)


Started GET "/cats" for ::1 at 2022-03-11 15:28:43 -0500
Processing by CatsController#index as HTML
  Rendering cats/index.html.erb within layouts/application
  [1m[36mCat Load (1.4ms)[0m  [1m[34mSELECT "cats".* FROM "cats"[0m
  ↳ app/views/cats/index.html.erb:3
  Rendered cats/index.html.erb within layouts/application (5.0ms)
Completed 200 OK in 34ms (Views: 32.1ms | ActiveRecord: 1.4ms)


Started GET "/cats/1" for ::1 at 2022-03-11 15:28:45 -0500
Processing by CatsController#show as HTML
  Parameters: {"id"=>"1"}
  [1m[36mCat Load (17.0ms)[0m  [1m[34mSELECT  "cats".* FROM "cats" WHERE "cats"."id" = $1 LIMIT $2[0m  [["id", 1], ["LIMIT", 1]]
  ↳ app/controllers/cats_controller.rb:10
  Rendering cats/show.html.erb within layouts/application
  Rendered cats/show.html.erb within layouts/application (1.2ms)
Completed 200 OK in 143ms (Views: 101.8ms | ActiveRecord: 31.8ms)


Started GET "/cats/1" for ::1 at 2022-03-11 15:29:20 -0500
Processing by CatsController#show as HTML
  Parameters: {"id"=>"1"}
  [1m[36mCat Load (10.3ms)[0m  [1m[34mSELECT  "cats".* FROM "cats" WHERE "cats"."id" = $1 LIMIT $2[0m  [["id", 1], ["LIMIT", 1]]
  ↳ app/controllers/cats_controller.rb:10
  Rendering cats/show.html.erb within layouts/application
  Rendered cats/show.html.erb within layouts/application (1.3ms)
Completed 200 OK in 61ms (Views: 48.3ms | ActiveRecord: 10.3ms)


Started GET "/cats/new" for ::1 at 2022-03-11 15:35:46 -0500
Processing by CatsController#new as HTML
  Rendering cats/new.html.erb within layouts/application
  Rendered cats/new.html.erb within layouts/application (0.7ms)
Completed 200 OK in 71ms (Views: 27.0ms | ActiveRecord: 22.7ms)


Started GET "/cats/new" for ::1 at 2022-03-11 15:37:20 -0500
Processing by CatsController#new as HTML
  Rendering cats/new.html.erb within layouts/application
  Rendered cats/new.html.erb within layouts/application (0.9ms)
Completed 200 OK in 38ms (Views: 37.0ms | ActiveRecord: 0.0ms)


Started GET "/cats/new" for ::1 at 2022-03-11 15:37:36 -0500
Processing by CatsController#new as HTML
  Rendering cats/new.html.erb within layouts/application
  Rendered cats/new.html.erb within layouts/application (1.0ms)
Completed 200 OK in 54ms (Views: 53.2ms | ActiveRecord: 0.0ms)


Started GET "/cats/new" for ::1 at 2022-03-11 15:37:38 -0500
Processing by CatsController#new as HTML
  Rendering cats/new.html.erb within layouts/application
  Rendered cats/new.html.erb within layouts/application (1.1ms)
Completed 200 OK in 25ms (Views: 24.8ms | ActiveRecord: 0.0ms)


Started GET "/cats/new" for ::1 at 2022-03-11 15:40:52 -0500
Processing by CatsController#new as HTML
  Rendering cats/new.html.erb within layouts/application
  Rendered cats/new.html.erb within layouts/application (1.2ms)
Completed 200 OK in 26ms (Views: 25.3ms | ActiveRecord: 0.0ms)


Started GET "/cats/new" for ::1 at 2022-03-11 15:48:00 -0500
Processing by CatsController#new as HTML
  Rendering cats/new.html.erb within layouts/application
  Rendered cats/new.html.erb within layouts/application (0.6ms)
Completed 200 OK in 26ms (Views: 24.8ms | ActiveRecord: 0.0ms)


Started GET "/cats/new" for ::1 at 2022-03-11 16:18:06 -0500
  [1m[35m (1.2ms)[0m  [1m[34mSELECT "schema_migrations"."version" FROM "schema_migrations" ORDER BY "schema_migrations"."version" ASC[0m
  ↳ /Users/appacademystudent/.rbenv/versions/2.5.1/lib/ruby/gems/2.5.0/gems/activerecord-5.2.7/lib/active_record/log_subscriber.rb:98
Processing by CatsController#new as HTML
  Rendering cats/new.html.erb within layouts/application
  Rendered cats/new.html.erb within layouts/application (3.4ms)
Completed 200 OK in 287ms (Views: 235.0ms | ActiveRecord: 18.7ms)


Started GET "/cats/new" for ::1 at 2022-03-11 16:19:24 -0500
Processing by CatsController#new as HTML
  Rendering cats/new.html.erb within layouts/application
  Rendered cats/new.html.erb within layouts/application (1.3ms)
Completed 200 OK in 46ms (Views: 44.6ms | ActiveRecord: 0.0ms)


Started GET "/cats/new" for ::1 at 2022-03-11 16:20:55 -0500
Processing by CatsController#new as HTML
  Rendering cats/new.html.erb within layouts/application
  Rendered cats/new.html.erb within layouts/application (1.8ms)
Completed 200 OK in 25ms (Views: 24.4ms | ActiveRecord: 0.0ms)


Started POST "/cats" for ::1 at 2022-03-11 16:20:57 -0500

AbstractController::ActionNotFound - The action 'create' could not be found for CatsController:

Started POST "/__better_errors/08b4b4af16618150/variables" for ::1 at 2022-03-11 16:20:57 -0500
Started GET "/cats/new" for ::1 at 2022-03-11 16:25:45 -0500
Processing by CatsController#new as HTML
  Rendering cats/new.html.erb within layouts/application
  Rendered cats/new.html.erb within layouts/application (2.3ms)
Completed 200 OK in 55ms (Views: 24.6ms | ActiveRecord: 11.8ms)


Started POST "/cats" for ::1 at 2022-03-11 16:26:16 -0500
Processing by CatsController#create as HTML
  Parameters: {"cats"=>{"name"=>"Fred", "color"=>"Gray", "birth_date"=>"2022-03-01", "sex"=>"M", "description"=>"He's fat"}, "Make Cat"=>"Submit"}
  [1m[35m (7.9ms)[0m  [1m[35mBEGIN[0m
  ↳ app/controllers/cats_controller.rb:24
  [1m[36mCat Create (21.4ms)[0m  [1m[32mINSERT INTO "cats" ("birth_date", "color", "name", "sex", "description", "created_at", "updated_at") VALUES ($1, $2, $3, $4, $5, $6, $7) RETURNING "id"[0m  [["birth_date", "2022-03-01"], ["color", "Gray"], ["name", "Fred"], ["sex", "M"], ["description", "He's fat"], ["created_at", "2022-03-11 21:26:16.706024"], ["updated_at", "2022-03-11 21:26:16.706024"]]
  ↳ app/controllers/cats_controller.rb:24
  [1m[35m (15.6ms)[0m  [1m[35mCOMMIT[0m
  ↳ app/controllers/cats_controller.rb:24
Redirected to http://localhost:3000/cats/2
Completed 302 Found in 53ms (ActiveRecord: 44.8ms)


Started GET "/cats/2" for ::1 at 2022-03-11 16:26:16 -0500
Processing by CatsController#show as HTML
  Parameters: {"id"=>"2"}
  [1m[36mCat Load (0.9ms)[0m  [1m[34mSELECT  "cats".* FROM "cats" WHERE "cats"."id" = $1 LIMIT $2[0m  [["id", 2], ["LIMIT", 1]]
  ↳ app/controllers/cats_controller.rb:10
  Rendering cats/show.html.erb within layouts/application
  Rendered cats/show.html.erb within layouts/application (1.1ms)
Completed 200 OK in 92ms (Views: 24.8ms | ActiveRecord: 1.2ms)


Started GET "/cats" for ::1 at 2022-03-11 16:26:26 -0500
Processing by CatsController#index as HTML
  Rendering cats/index.html.erb within layouts/application
  [1m[36mCat Load (9.2ms)[0m  [1m[34mSELECT "cats".* FROM "cats"[0m
  ↳ app/views/cats/index.html.erb:3
  Rendered cats/index.html.erb within layouts/application (13.7ms)
Completed 200 OK in 52ms (Views: 42.1ms | ActiveRecord: 9.2ms)


Started GET "/cats/new" for ::1 at 2022-03-11 16:26:35 -0500
Processing by CatsController#new as HTML
  Rendering cats/new.html.erb within layouts/application
  Rendered cats/new.html.erb within layouts/application (1.6ms)
Completed 200 OK in 59ms (Views: 56.8ms | ActiveRecord: 0.0ms)


Started POST "/cats" for ::1 at 2022-03-11 16:26:58 -0500
Processing by CatsController#create as HTML
  Parameters: {"cats"=>{"name"=>"Harold", "birth_date"=>"2022-02-27", "sex"=>"F", "description"=>"No color"}, "Make Cat"=>"Submit"}
  [1m[35m (5.9ms)[0m  [1m[35mBEGIN[0m
  ↳ app/controllers/cats_controller.rb:24
  [1m[35m (0.5ms)[0m  [1m[31mROLLBACK[0m
  ↳ app/controllers/cats_controller.rb:24
Redirected to http://localhost:3000/cats
Completed 302 Found in 26ms (ActiveRecord: 6.4ms)


Started GET "/cats" for ::1 at 2022-03-11 16:26:58 -0500
Processing by CatsController#index as HTML
  Rendering cats/index.html.erb within layouts/application
  [1m[36mCat Load (2.3ms)[0m  [1m[34mSELECT "cats".* FROM "cats"[0m
  ↳ app/views/cats/index.html.erb:3
  Rendered cats/index.html.erb within layouts/application (5.5ms)
Completed 200 OK in 35ms (Views: 31.5ms | ActiveRecord: 2.3ms)


Started GET "/cats" for ::1 at 2022-03-11 16:32:27 -0500
  [1m[35m (1.1ms)[0m  [1m[34mSELECT "schema_migrations"."version" FROM "schema_migrations" ORDER BY "schema_migrations"."version" ASC[0m
  ↳ /Users/appacademystudent/.rbenv/versions/2.5.1/lib/ruby/gems/2.5.0/gems/activerecord-5.2.7/lib/active_record/log_subscriber.rb:98
Processing by CatsController#index as HTML
  Rendering cats/index.html.erb within layouts/application
  [1m[36mCat Load (50.6ms)[0m  [1m[34mSELECT "cats".* FROM "cats"[0m
  ↳ app/views/cats/index.html.erb:3
  Rendered cats/index.html.erb within layouts/application (155.5ms)
Completed 200 OK in 470ms (Views: 323.7ms | ActiveRecord: 130.1ms)


Started GET "/cats/new" for ::1 at 2022-03-11 16:32:31 -0500
Processing by CatsController#new as HTML
  Rendering cats/new.html.erb within layouts/application
  Rendered cats/new.html.erb within layouts/application (1.6ms)
Completed 200 OK in 36ms (Views: 34.8ms | ActiveRecord: 0.0ms)


Started POST "/cats" for ::1 at 2022-03-11 16:32:34 -0500
Processing by CatsController#create as HTML
  Parameters: {"cats"=>{"name"=>"", "birth_date"=>"", "description"=>""}, "Make Cat"=>"Submit"}
  [1m[35m (1.3ms)[0m  [1m[35mBEGIN[0m
  ↳ app/controllers/cats_controller.rb:24
  [1m[35m (7.7ms)[0m  [1m[31mROLLBACK[0m
  ↳ app/controllers/cats_controller.rb:24
  Rendering cats/index.html.erb within layouts/application
  Rendered cats/index.html.erb within layouts/application (14.0ms)
Completed 500 Internal Server Error in 54ms (ActiveRecord: 9.0ms)



NoMethodError - undefined method `each' for nil:NilClass:
  app/views/cats/index.html.erb:3:in `_app_views_cats_index_html_erb__2306561390931954581_70317017799640'
  app/controllers/cats_controller.rb:27:in `create'

Started POST "/__better_errors/fe65a0f63d7d2dab/variables" for ::1 at 2022-03-11 16:32:34 -0500
Started POST "/cats" for ::1 at 2022-03-11 16:32:56 -0500
Processing by CatsController#create as HTML
  Parameters: {"cats"=>{"name"=>"Johnny", "color"=>"Brown", "birth_date"=>"", "description"=>""}, "Make Cat"=>"Submit"}
  [1m[35m (6.2ms)[0m  [1m[35mBEGIN[0m
  ↳ app/controllers/cats_controller.rb:24
  [1m[35m (0.3ms)[0m  [1m[31mROLLBACK[0m
  ↳ app/controllers/cats_controller.rb:24
  Rendering cats/index.html.erb within layouts/application
  Rendered cats/index.html.erb within layouts/application (14.0ms)
Completed 500 Internal Server Error in 52ms (ActiveRecord: 6.4ms)



NoMethodError - undefined method `each' for nil:NilClass:
  app/views/cats/index.html.erb:3:in `_app_views_cats_index_html_erb__2306561390931954581_70316988549860'
  app/controllers/cats_controller.rb:27:in `create'

Started POST "/__better_errors/bc88b2ae9ea19e8d/variables" for ::1 at 2022-03-11 16:32:56 -0500
Started POST "/cats" for ::1 at 2022-03-11 16:34:02 -0500
Processing by CatsController#create as HTML
  Parameters: {"cats"=>{"name"=>"Johnny", "color"=>"Brown", "birth_date"=>"", "description"=>""}, "Make Cat"=>"Submit"}
  [1m[35m (0.2ms)[0m  [1m[35mBEGIN[0m
  ↳ app/controllers/cats_controller.rb:24
  [1m[35m (0.7ms)[0m  [1m[31mROLLBACK[0m
  ↳ app/controllers/cats_controller.rb:24
Redirected to http://localhost:3000/cats
Completed 302 Found in 36ms (ActiveRecord: 8.1ms)


Started GET "/cats" for ::1 at 2022-03-11 16:34:02 -0500
Processing by CatsController#index as HTML
  Rendering cats/index.html.erb within layouts/application
  [1m[36mCat Load (4.5ms)[0m  [1m[34mSELECT "cats".* FROM "cats"[0m
  ↳ app/views/cats/index.html.erb:3
  Rendered cats/index.html.erb within layouts/application (8.0ms)
Completed 200 OK in 44ms (Views: 38.3ms | ActiveRecord: 4.5ms)


Started GET "/cats/new" for ::1 at 2022-03-11 16:40:55 -0500
Processing by CatsController#new as HTML
  Rendering cats/new.html.erb within layouts/application
  Rendered cats/new.html.erb within layouts/application (1.7ms)
Completed 200 OK in 26ms (Views: 23.6ms | ActiveRecord: 0.0ms)


Started GET "/cats/new" for ::1 at 2022-03-11 16:41:23 -0500
Processing by CatsController#new as HTML
  Rendering cats/new.html.erb within layouts/application
  Rendered cats/new.html.erb within layouts/application (1.2ms)
Completed 200 OK in 20ms (Views: 19.8ms | ActiveRecord: 0.0ms)


Started GET "/cats/new" for ::1 at 2022-03-11 16:46:11 -0500
Processing by CatsController#new as HTML
  Rendering cats/new.html.erb within layouts/application
  Rendered cats/new.html.erb within layouts/application (1.9ms)
Completed 200 OK in 25ms (Views: 23.8ms | ActiveRecord: 0.0ms)


Started GET "/cats" for ::1 at 2022-03-11 16:46:16 -0500
Processing by CatsController#index as HTML
  Rendering cats/index.html.erb within layouts/application
  [1m[36mCat Load (2.0ms)[0m  [1m[34mSELECT "cats".* FROM "cats"[0m
  ↳ app/views/cats/index.html.erb:3
  Rendered cats/index.html.erb within layouts/application (9.8ms)
Completed 200 OK in 45ms (Views: 40.7ms | ActiveRecord: 2.0ms)


Started GET "/cats/1/edit" for ::1 at 2022-03-11 16:46:20 -0500
Processing by CatsController#edit as HTML
  Parameters: {"id"=>"1"}
  [1m[36mCat Load (0.5ms)[0m  [1m[34mSELECT  "cats".* FROM "cats" WHERE "cats"."id" = $1 LIMIT $2[0m  [["id", 1], ["LIMIT", 1]]
  ↳ app/controllers/cats_controller.rb:32
  Rendering cats/edit.html.erb within layouts/application
  Rendered cats/edit.html.erb within layouts/application (2.1ms)
Completed 200 OK in 90ms (Views: 34.1ms | ActiveRecord: 0.8ms)


Started GET "/cats/1/edit" for ::1 at 2022-03-11 16:48:26 -0500
Processing by CatsController#edit as HTML
  Parameters: {"id"=>"1"}
  [1m[36mCat Load (2.5ms)[0m  [1m[34mSELECT  "cats".* FROM "cats" WHERE "cats"."id" = $1 LIMIT $2[0m  [["id", 1], ["LIMIT", 1]]
  ↳ app/controllers/cats_controller.rb:32
  Rendering cats/edit.html.erb within layouts/application
  Rendered cats/edit.html.erb within layouts/application (1.6ms)
Completed 200 OK in 33ms (Views: 27.2ms | ActiveRecord: 2.5ms)


Started GET "/cats/1/edit" for ::1 at 2022-03-11 16:49:18 -0500
Processing by CatsController#edit as HTML
  Parameters: {"id"=>"1"}
  [1m[36mCat Load (4.9ms)[0m  [1m[34mSELECT  "cats".* FROM "cats" WHERE "cats"."id" = $1 LIMIT $2[0m  [["id", 1], ["LIMIT", 1]]
  ↳ app/controllers/cats_controller.rb:32
  Rendering cats/edit.html.erb within layouts/application
  Rendered cats/edit.html.erb within layouts/application (2.8ms)
Completed 200 OK in 35ms (Views: 26.6ms | ActiveRecord: 4.9ms)


Started GET "/cats/1/edit" for ::1 at 2022-03-11 16:49:57 -0500
Processing by CatsController#edit as HTML
  Parameters: {"id"=>"1"}
  [1m[36mCat Load (0.7ms)[0m  [1m[34mSELECT  "cats".* FROM "cats" WHERE "cats"."id" = $1 LIMIT $2[0m  [["id", 1], ["LIMIT", 1]]
  ↳ app/controllers/cats_controller.rb:32
  Rendering cats/edit.html.erb within layouts/application
  Rendered cats/edit.html.erb within layouts/application (2.2ms)
Completed 200 OK in 34ms (Views: 31.0ms | ActiveRecord: 0.7ms)


Started GET "/cats/1/edit" for ::1 at 2022-03-11 16:53:24 -0500
Processing by CatsController#edit as HTML
  Parameters: {"id"=>"1"}
  [1m[36mCat Load (9.6ms)[0m  [1m[34mSELECT  "cats".* FROM "cats" WHERE "cats"."id" = $1 LIMIT $2[0m  [["id", 1], ["LIMIT", 1]]
  ↳ app/controllers/cats_controller.rb:32
  Rendering cats/edit.html.erb within layouts/application
  Rendered cats/edit.html.erb within layouts/application (2.3ms)
Completed 200 OK in 42ms (Views: 29.1ms | ActiveRecord: 9.6ms)


Started GET "/cats/1/edit" for ::1 at 2022-03-11 16:54:20 -0500
Processing by CatsController#edit as HTML
  Parameters: {"id"=>"1"}
  [1m[36mCat Load (4.2ms)[0m  [1m[34mSELECT  "cats".* FROM "cats" WHERE "cats"."id" = $1 LIMIT $2[0m  [["id", 1], ["LIMIT", 1]]
  ↳ app/controllers/cats_controller.rb:32
  Rendering cats/edit.html.erb within layouts/application
  Rendered cats/edit.html.erb within layouts/application (2.5ms)
Completed 200 OK in 50ms (Views: 43.0ms | ActiveRecord: 4.2ms)


Started GET "/cats/1/edit" for ::1 at 2022-03-11 16:54:26 -0500
Processing by CatsController#edit as HTML
  Parameters: {"id"=>"1"}
  [1m[36mCat Load (10.4ms)[0m  [1m[34mSELECT  "cats".* FROM "cats" WHERE "cats"."id" = $1 LIMIT $2[0m  [["id", 1], ["LIMIT", 1]]
  ↳ app/controllers/cats_controller.rb:32
  Rendering cats/edit.html.erb within layouts/application
  Rendered cats/edit.html.erb within layouts/application (2.5ms)
Completed 200 OK in 37ms (Views: 24.5ms | ActiveRecord: 10.4ms)


Started GET "/cats/1/edit" for ::1 at 2022-03-11 16:54:51 -0500
Processing by CatsController#edit as HTML
  Parameters: {"id"=>"1"}
  [1m[36mCat Load (1.6ms)[0m  [1m[34mSELECT  "cats".* FROM "cats" WHERE "cats"."id" = $1 LIMIT $2[0m  [["id", 1], ["LIMIT", 1]]
  ↳ app/controllers/cats_controller.rb:32
  Rendering cats/edit.html.erb within layouts/application
  Rendered cats/edit.html.erb within layouts/application (1.9ms)
Completed 200 OK in 31ms (Views: 27.7ms | ActiveRecord: 1.6ms)


Started GET "/cats/1/edit" for ::1 at 2022-03-11 16:54:52 -0500
Processing by CatsController#edit as HTML
  Parameters: {"id"=>"1"}
  [1m[36mCat Load (5.5ms)[0m  [1m[34mSELECT  "cats".* FROM "cats" WHERE "cats"."id" = $1 LIMIT $2[0m  [["id", 1], ["LIMIT", 1]]
  ↳ app/controllers/cats_controller.rb:32
  Rendering cats/edit.html.erb within layouts/application
  Rendered cats/edit.html.erb within layouts/application (2.3ms)
Completed 200 OK in 32ms (Views: 24.9ms | ActiveRecord: 5.5ms)


Started GET "/cats/1/edit" for ::1 at 2022-03-11 16:55:57 -0500
Processing by CatsController#edit as HTML
  Parameters: {"id"=>"1"}
  [1m[36mCat Load (3.5ms)[0m  [1m[34mSELECT  "cats".* FROM "cats" WHERE "cats"."id" = $1 LIMIT $2[0m  [["id", 1], ["LIMIT", 1]]
  ↳ app/controllers/cats_controller.rb:32
  Rendering cats/edit.html.erb within layouts/application
  Rendered cats/edit.html.erb within layouts/application (4.9ms)
Completed 200 OK in 56ms (Views: 46.0ms | ActiveRecord: 3.5ms)


Started PATCH "/cats/1" for ::1 at 2022-03-11 16:56:11 -0500
Processing by CatsController#update as HTML
  Parameters: {"cats"=>{"name"=>"Bobby", "color"=>"White", "birth_date"=>"2000-05-05", "sex"=>"F", "description"=>"great cat"}, "Update Cat"=>"Submit", "id"=>"1"}
  [1m[36mCat Load (9.0ms)[0m  [1m[34mSELECT  "cats".* FROM "cats" WHERE "cats"."id" = $1 LIMIT $2[0m  [["id", 1], ["LIMIT", 1]]
  ↳ app/controllers/cats_controller.rb:38
  [1m[35m (0.9ms)[0m  [1m[35mBEGIN[0m
  ↳ app/controllers/cats_controller.rb:40
  [1m[36mCat Update (7.8ms)[0m  [1m[33mUPDATE "cats" SET "color" = $1, "name" = $2, "sex" = $3, "updated_at" = $4 WHERE "cats"."id" = $5[0m  [["color", "White"], ["name", "Bobby"], ["sex", "F"], ["updated_at", "2022-03-11 21:56:11.753605"], ["id", 1]]
  ↳ app/controllers/cats_controller.rb:40
  [1m[35m (4.5ms)[0m  [1m[35mCOMMIT[0m
  ↳ app/controllers/cats_controller.rb:40
Redirected to http://localhost:3000/cats/1
Completed 302 Found in 30ms (ActiveRecord: 22.2ms)


Started GET "/cats/1" for ::1 at 2022-03-11 16:56:11 -0500
Processing by CatsController#show as HTML
  Parameters: {"id"=>"1"}
  [1m[36mCat Load (15.9ms)[0m  [1m[34mSELECT  "cats".* FROM "cats" WHERE "cats"."id" = $1 LIMIT $2[0m  [["id", 1], ["LIMIT", 1]]
  ↳ app/controllers/cats_controller.rb:10
  Rendering cats/show.html.erb within layouts/application
  Rendered cats/show.html.erb within layouts/application (1.1ms)
Completed 200 OK in 43ms (Views: 24.6ms | ActiveRecord: 15.9ms)


Started GET "/cats" for ::1 at 2022-03-11 16:56:19 -0500
Processing by CatsController#index as HTML
  Rendering cats/index.html.erb within layouts/application
  [1m[36mCat Load (9.1ms)[0m  [1m[34mSELECT "cats".* FROM "cats"[0m
  ↳ app/views/cats/index.html.erb:3
  Rendered cats/index.html.erb within layouts/application (12.3ms)
Completed 200 OK in 45ms (Views: 34.8ms | ActiveRecord: 9.1ms)


Started GET "/cats/1" for ::1 at 2022-03-11 16:56:21 -0500
Processing by CatsController#show as HTML
  Parameters: {"id"=>"1"}
  [1m[36mCat Load (33.9ms)[0m  [1m[34mSELECT  "cats".* FROM "cats" WHERE "cats"."id" = $1 LIMIT $2[0m  [["id", 1], ["LIMIT", 1]]
  ↳ app/controllers/cats_controller.rb:10
  Rendering cats/show.html.erb within layouts/application
  Rendered cats/show.html.erb within layouts/application (0.9ms)
Completed 200 OK in 63ms (Views: 26.9ms | ActiveRecord: 33.9ms)


